2025-11-09 09:52:34 Loading main app package /usr/lib/obsidian/obsidian.asar
2025-11-09 09:52:34 Checking for update using Github
2025-11-09 09:52:34 Success.
2025-11-09 09:52:34 Latest version is 1.9.14
2025-11-09 09:52:34 App is up to date.
2025-11-09 09:54:05 Loading main app package /usr/lib/obsidian/obsidian.asar
2025-11-09 09:54:06 Checking for update using Github
2025-11-09 09:54:06 Success.
2025-11-09 09:54:06 Latest version is 1.9.14
2025-11-09 09:54:06 App is up to date.
2025-11-09 09:54:58 Loading main app package /usr/lib/obsidian/obsidian.asar
2025-11-09 09:54:58 Checking for update using Github
2025-11-09 09:54:58 Success.
2025-11-09 09:54:58 Latest version is 1.9.14
2025-11-09 09:54:58 App is up to date.
2025-11-12 16:12:55 Loading main app package /usr/lib/obsidian/obsidian.asar
2025-11-12 16:12:55 Checking for update using Github
2025-11-12 16:12:56 Success.
2025-11-12 16:12:56 Latest version is 1.10.3
2025-11-12 16:12:56 Downloading update from https://github.com/obsidianmd/obsidian-releases/releases/download/v1.10.3/obsidian-1.10.3.asar.gz
2025-11-12 16:13:33 Verifying hash & signature. Size= 9053948
2025-11-12 16:13:33 Saving file
2025-11-12 16:13:34 Update complete.
2025-11-12 17:12:55 Checking for update using Github
2025-11-12 17:12:56 Success.
2025-11-12 17:12:56 Latest version is 1.10.3
2025-11-12 17:12:56 An update is already downloaded.
2025-11-12 18:12:55 Checking for update using Github
2025-11-12 18:12:56 Success.
2025-11-12 18:12:56 Latest version is 1.10.3
2025-11-12 18:12:56 An update is already downloaded.
2025-11-12 19:12:55 Checking for update using Github
2025-11-12 19:12:56 Success.
2025-11-12 19:12:56 Latest version is 1.10.3
2025-11-12 19:12:56 An update is already downloaded.
